<?xml version="1.0" encoding="UTF-8"?>
<!-- Generated by org.testng.reporters.JUnitXMLReporter -->
<testsuite ignored="1" hostname="RAMYA-S" failures="0" tests="1" name="ModuleOneTest(failed)(failed)" time="12.088" errors="0" timestamp="2023-05-09T15:22:56 IST">
  <testcase classname="testScripts.GooglePageTest" name="seleniumSearchTest" time="6.832"/>
  <testcase classname="testScripts.GooglePageTest" name="javaSearchTest" time="0.0">
    <ignored/>
  </testcase> <!-- javaSearchTest -->
</testsuite> <!-- ModuleOneTest(failed)(failed) -->
