<?xml version="1.0" encoding="UTF-8"?>
<!-- Generated by org.testng.reporters.JUnitXMLReporter -->
<testsuite ignored="0" hostname="RAMYA-S" failures="0" tests="4" name="ModuleTwoTest" time="0.061" errors="0" timestamp="2023-05-10T15:09:44 IST">
  <testcase classname="parallelScripts.SampleThreeTest" name="testFour" time="0.008"/>
  <testcase classname="parallelScripts.SampleThreeTest" name="testOne" time="0.003"/>
  <testcase classname="parallelScripts.SampleThreeTest" name="testThree" time="0.003"/>
  <testcase classname="parallelScripts.SampleThreeTest" name="testTwo" time="0.002"/>
</testsuite> <!-- ModuleTwoTest -->
