<?xml version="1.0" encoding="UTF-8"?>
<testng-results ignored="0" total="1" passed="1" failed="0" skipped="0">
  <reporter-output>
  </reporter-output>
  <suite started-at="2023-05-11T17:54:50 IST" name="Default suite" finished-at="2023-05-11T17:55:19 IST" duration-ms="28940">
    <groups>
    </groups>
    <test started-at="2023-05-11T17:54:50 IST" name="Default test" finished-at="2023-05-11T17:55:19 IST" duration-ms="28940">
      <class name="testScripts.RemoteDriverTest">
        <test-method signature="test()[pri:0, instance:testScripts.RemoteDriverTest@485966cc]" started-at="2023-05-11T17:54:50 IST" name="test" finished-at="2023-05-11T17:55:19 IST" duration-ms="28907" status="PASS">
          <reporter-output>
          </reporter-output>
        </test-method> <!-- test -->
      </class> <!-- testScripts.RemoteDriverTest -->
    </test> <!-- Default test -->
  </suite> <!-- Default suite -->
</testng-results>
